[technext.github.io/cleaning-company/index.html]
[backblue.gif]
[fade.gif]
[index.html]
[stackpath.bootstrapcdn.com/font-awesome/4.7.0/css/font-awesome.min.css]
[technext.github.io/cleaning-company/css/animate.css]
[technext.github.io/cleaning-company/css/owl.carousel.min.css]
[technext.github.io/cleaning-company/css/owl.theme.default.min.css]
[technext.github.io/cleaning-company/css/magnific-popup.css]
[technext.github.io/cleaning-company/css/flaticon.css]
[technext.github.io/cleaning-company/css/style.css]
[technext.github.io/cleaning-company/about.html]
[technext.github.io/cleaning-company/services.html]
[technext.github.io/cleaning-company/portfolio.html]
[technext.github.io/cleaning-company/pricing.html]
[technext.github.io/cleaning-company/blog.html]
[technext.github.io/cleaning-company/contact.html]
[technext.github.io/cleaning-company/images/bg_1.jpg]
[technext.github.io/cleaning-company/images/about.jpg]
[technext.github.io/cleaning-company/images/staff-1.jpg]
[technext.github.io/cleaning-company/images/staff-2.jpg]
[technext.github.io/cleaning-company/images/staff-3.jpg]
[technext.github.io/cleaning-company/images/person_1.jpg]
[technext.github.io/cleaning-company/images/person_2.jpg]
[technext.github.io/cleaning-company/images/person_3.jpg]
[technext.github.io/cleaning-company/images/work-1.jpg]
[technext.github.io/cleaning-company/work-single.html]
[technext.github.io/cleaning-company/images/work-2.jpg]
[technext.github.io/cleaning-company/images/work-3.jpg]
[technext.github.io/cleaning-company/images/work-4.jpg]
[technext.github.io/cleaning-company/images/work-5.jpg]
[technext.github.io/cleaning-company/images/work-6.jpg]
[technext.github.io/cleaning-company/images/work-7.jpg]
[technext.github.io/cleaning-company/images/work-8.jpg]
[technext.github.io/cleaning-company/blog-single.html]
[technext.github.io/cleaning-company/images/image_1.jpg]
[technext.github.io/cleaning-company/images/image_2.jpg]
[technext.github.io/cleaning-company/images/image_3.jpg]
[technext.github.io/cleaning-company/images/bg_3.jpg]
[technext.github.io/cleaning-company/js/jquery-migrate-3.0.1.min.js]
[technext.github.io/cleaning-company/js/popper.min.js]
[technext.github.io/cleaning-company/js/bootstrap.min.js]
[technext.github.io/cleaning-company/js/jquery.easing.1.3.js]
[technext.github.io/cleaning-company/js/jquery.waypoints.min.js]
[technext.github.io/cleaning-company/js/jquery.stellar.min.js]
[technext.github.io/cleaning-company/js/jquery.animateNumber.min.js]
[technext.github.io/cleaning-company/js/owl.carousel.min.js]
[technext.github.io/cleaning-company/js/scrollax.min.js]
[technext.github.io/cleaning-company/js/jquery.magnific-popup.min.js]
[technext.github.io/cleaning-company/index.html]
[technext.github.io/cleaning-company/js/main.js]
[stackpath.bootstrapcdn.com/font-awesome/4.7.0/css/font-awesome.min.css]
[technext.github.io/cleaning-company/css/animate.css]
[technext.github.io/cleaning-company/js/google-map.js]
[technext.github.io/cleaning-company/css/owl.video.play.png]
[technext.github.io/cleaning-company/css/owl.carousel.min.css]
[technext.github.io/cleaning-company/css/owl.theme.default.min.css]
[technext.github.io/cleaning-company/css/magnific-popup.css]
[technext.github.io/cleaning-company/fonts/flaticon/font/Flaticon.eot]
[technext.github.io/cleaning-company/fonts/flaticon/font/Flaticond41d.eot]
[technext.github.io/cleaning-company/fonts/flaticon/font/Flaticon.woff]
[technext.github.io/cleaning-company/fonts/flaticon/font/Flaticon.ttf]
[technext.github.io/cleaning-company/css/flaticon.css]
[technext.github.io/cleaning-company/css/style.css]
[technext.github.io/cleaning-company/fonts/flaticon/font/Flaticon.svg]
[technext.github.io/cleaning-company/js/jquery.min.js]
[technext.github.io/cleaning-company/images/bg_2.jpg]
[technext.github.io/cleaning-company/about.html]
[technext.github.io/cleaning-company/services.html]
[technext.github.io/cleaning-company/portfolio.html]
[technext.github.io/cleaning-company/pricing.html]
[technext.github.io/cleaning-company/images/image_4.jpg]
[technext.github.io/cleaning-company/images/image_5.jpg]
[technext.github.io/cleaning-company/images/image_6.jpg]
[technext.github.io/cleaning-company/blog.html]
[technext.github.io/cleaning-company/contact.html]
[technext.github.io/cleaning-company/work-single.html]
[technext.github.io/cleaning-company/blog-single.html]
[technext.github.io/cleaning-company/css/owl.video.play.html]
[technext.github.io/cleaning-company/fonts/flaticon/font/Flaticon.svg]
